<?xml version="1.0" encoding="UTF-8"?>
<!-- Generated by org.testng.reporters.JUnitReportReporter -->
<testsuite hostname="DESKTOP-M67QQ0H" failures="0" tests="3" name="tests.Logintest" time="18.791" errors="0" timestamp="2023-12-01T11:44:04 IST" skipped="0">
  <testcase classname="tests.Logintest" name="testLoginPage" time="7.288"/>
  <system-out/>
  <testcase classname="tests.Logintest" name="testLoginPage" time="5.632"/>
  <system-out/>
  <testcase classname="tests.Logintest" name="testLoginPage" time="5.871"/>
  <system-out/>
</testsuite> <!-- tests.Logintest -->
